<?xml version="1.0" encoding="UTF-8"?>
<testng-results skipped="0" failed="0" ignored="0" total="1" passed="1">
  <reporter-output>
  </reporter-output>
  <suite name="Regression Suite" duration-ms="8159" started-at="2021-05-22T17:20:23Z" finished-at="2021-05-22T17:20:31Z">
    <groups>
    </groups>
    <test name="Credit card test" duration-ms="8159" started-at="2021-05-22T17:20:23Z" finished-at="2021-05-22T17:20:31Z">
      <class name="test.LoginTest">
        <test-method status="PASS" signature="setup()[pri:0, instance:test.LoginTest@52f759d7]" name="setup" is-config="true" duration-ms="4197" started-at="2021-05-22T17:20:23Z" finished-at="2021-05-22T17:20:27Z">
          <reporter-output>
          </reporter-output>
        </test-method> <!-- setup -->
        <test-method status="PASS" signature="login(java.lang.String, java.lang.String)[pri:0, instance:test.LoginTest@52f759d7]" name="login" duration-ms="3867" started-at="2021-05-22T17:20:27Z" finished-at="2021-05-22T17:20:31Z">
          <params>
            <param index="0">
              <value>
                <![CDATA[abc@xyz.com]]>
              </value>
            </param>
            <param index="1">
              <value>
                <![CDATA[abc123]]>
              </value>
            </param>
          </params>
          <reporter-output>
          </reporter-output>
        </test-method> <!-- login -->
        <test-method status="PASS" signature="teardown()[pri:0, instance:test.LoginTest@52f759d7]" name="teardown" is-config="true" duration-ms="81" started-at="2021-05-22T17:20:31Z" finished-at="2021-05-22T17:20:31Z">
          <reporter-output>
          </reporter-output>
        </test-method> <!-- teardown -->
      </class> <!-- test.LoginTest -->
    </test> <!-- Credit card test -->
  </suite> <!-- Regression Suite -->
</testng-results>
