<?xml version="1.0" encoding="UTF-8"?>
<testng-results skipped="0" failed="0" ignored="0" total="2" passed="2">
  <reporter-output>
  </reporter-output>
  <suite name="Default suite" duration-ms="41" started-at="2021-05-22T17:08:00Z" finished-at="2021-05-22T17:08:00Z">
    <groups>
    </groups>
    <test name="Default test" duration-ms="41" started-at="2021-05-22T17:08:00Z" finished-at="2021-05-22T17:08:00Z">
      <class name="testNG.DataProviderExample">
        <test-method status="PASS" signature="test(int, int)[pri:0, instance:testNG.DataProviderExample@17211155]" name="test" duration-ms="8" started-at="2021-05-22T17:08:00Z" data-provider="data-provider" finished-at="2021-05-22T17:08:00Z">
          <params>
            <param index="0">
              <value>
                <![CDATA[2]]>
              </value>
            </param>
            <param index="1">
              <value>
                <![CDATA[3]]>
              </value>
            </param>
          </params>
          <reporter-output>
          </reporter-output>
        </test-method> <!-- test -->
        <test-method status="PASS" signature="test(int, int)[pri:0, instance:testNG.DataProviderExample@17211155]" name="test" duration-ms="1" started-at="2021-05-22T17:08:00Z" data-provider="data-provider" finished-at="2021-05-22T17:08:00Z">
          <params>
            <param index="0">
              <value>
                <![CDATA[5]]>
              </value>
            </param>
            <param index="1">
              <value>
                <![CDATA[7]]>
              </value>
            </param>
          </params>
          <reporter-output>
          </reporter-output>
        </test-method> <!-- test -->
      </class> <!-- testNG.DataProviderExample -->
    </test> <!-- Default test -->
  </suite> <!-- Default suite -->
</testng-results>
